2019-08-30 13:02:15.027  INFO 9308 --- [main] com.meetball.demo.MeetBallApplication    : Starting MeetBallApplication on jxnflzc with PID 9308 (started by ÂªñÂøóÊàê in D:\Documents\Tencent Files\245186727\FileRecv\meetBall\meetBall)
2019-08-30 13:02:15.039  INFO 9308 --- [main] com.meetball.demo.MeetBallApplication    : No active profile set, falling back to default profiles: default
2019-08-30 13:02:15.094  INFO 9308 --- [main] ConfigServletWebServerApplicationContext : Refreshing org.springframework.boot.web.servlet.context.AnnotationConfigServletWebServerApplicationContext@10959ece: startup date [Fri Aug 30 13:02:15 CST 2019]; root of context hierarchy
2019-08-30 13:02:16.531  INFO 9308 --- [main] o.s.b.w.embedded.tomcat.TomcatWebServer  : Tomcat initialized with port(s): 8531 (http)
2019-08-30 13:02:16.560  INFO 9308 --- [main] o.apache.catalina.core.StandardService   : Starting service [Tomcat]
2019-08-30 13:02:16.561  INFO 9308 --- [main] org.apache.catalina.core.StandardEngine  : Starting Servlet Engine: Apache Tomcat/8.5.31
2019-08-30 13:02:16.569  INFO 9308 --- [localhost-startStop-1] o.a.catalina.core.AprLifecycleListener   : The APR based Apache Tomcat Native library which allows optimal performance in production environments was not found on the java.library.path: [D:\Program Files\Java\jdk-12.0.1\bin;C:\Windows\Sun\Java\bin;C:\Windows\system32;C:\Windows;D:\Program Files (x86)\360\360Desktop;C:\Windows\system32;C:\Windows;C:\Windows\System32\Wbem;C:\Windows\System32\WindowsPowerShell\v1.0\;C:\Windows\System32\OpenSSH\;C:\Program Files\NVIDIA Corporation\NVIDIA NvDLISR;C:\Program Files (x86)\Intel\Intel(R) Management Engine Components\DAL;C:\Program Files\Intel\Intel(R) Management Engine Components\DAL;C:\Program Files\Intel\WiFi\bin\;C:\Program Files\Common Files\Intel\WirelessCommon\;D:\mysql-5.7.26-winx64\bin;E:\apache-maven-3.6.1\bin\;D:\Program Files\Java\jdk-12.0.1\bin;D:\Program Files\Java\jdk-12.0.1\jre\bin;D:\Program Files\Git\cmd;D:\swipl\bin;C:\Program Files (x86)\NVIDIA Corporation\PhysX\Common;D:\Anaconda3\Scripts;D:\Anaconda3;D:\Program Files\nodejs\;D:\Program Files\NVIDIA Corporation\NVIDIA NvDLISR;D:\Program Files\PuTTY\;C:\ProgramData\Microsoft\Windows\Start Menu\Programs\PuTTY (64-bit);D:\Anaconda3;D:\Anaconda3\Library\mingw-w64\bin;D:\Anaconda3\Library\usr\bin;D:\Anaconda3\Library\bin;D:\Anaconda3\Scripts;D:\Program Files\MySQL\MySQL Shell 8.0\bin\;C:\Users\ÂªñÂøóÊàê\AppData\Roaming\npm;.]
2019-08-30 13:02:16.684  INFO 9308 --- [localhost-startStop-1] o.a.c.c.C.[Tomcat].[localhost].[/]       : Initializing Spring embedded WebApplicationContext
2019-08-30 13:02:16.684  INFO 9308 --- [localhost-startStop-1] o.s.web.context.ContextLoader            : Root WebApplicationContext: initialization completed in 1590 ms
2019-08-30 13:02:16.790  INFO 9308 --- [localhost-startStop-1] o.s.b.w.servlet.ServletRegistrationBean  : Servlet dispatcherServlet mapped to [/]
2019-08-30 13:02:16.793  INFO 9308 --- [localhost-startStop-1] o.s.b.w.servlet.FilterRegistrationBean   : Mapping filter: 'characterEncodingFilter' to: [/*]
2019-08-30 13:02:16.794  INFO 9308 --- [localhost-startStop-1] o.s.b.w.servlet.FilterRegistrationBean   : Mapping filter: 'hiddenHttpMethodFilter' to: [/*]
2019-08-30 13:02:16.794  INFO 9308 --- [localhost-startStop-1] o.s.b.w.servlet.FilterRegistrationBean   : Mapping filter: 'httpPutFormContentFilter' to: [/*]
2019-08-30 13:02:16.794  INFO 9308 --- [localhost-startStop-1] o.s.b.w.servlet.FilterRegistrationBean   : Mapping filter: 'requestContextFilter' to: [/*]
2019-08-30 13:02:17.115  INFO 9308 --- [main] o.s.w.s.handler.SimpleUrlHandlerMapping  : Mapped URL path [/**/favicon.ico] onto handler of type [class org.springframework.web.servlet.resource.ResourceHttpRequestHandler]
2019-08-30 13:02:17.254  INFO 9308 --- [main] s.w.s.m.m.a.RequestMappingHandlerAdapter : Looking for @ControllerAdvice: org.springframework.boot.web.servlet.context.AnnotationConfigServletWebServerApplicationContext@10959ece: startup date [Fri Aug 30 13:02:15 CST 2019]; root of context hierarchy
2019-08-30 13:02:17.314  INFO 9308 --- [main] s.w.s.m.m.a.RequestMappingHandlerMapping : Mapped "{[/register]}" onto public java.lang.String com.meetball.demo.controller.Controllers.register(javax.servlet.http.HttpServletRequest,javax.servlet.http.HttpServletResponse)
2019-08-30 13:02:17.315  INFO 9308 --- [main] s.w.s.m.m.a.RequestMappingHandlerMapping : Mapped "{[/getinfo]}" onto public java.lang.String com.meetball.demo.controller.Controllers.getInfo(javax.servlet.http.HttpServletRequest,javax.servlet.http.HttpServletResponse)
2019-08-30 13:02:17.315  INFO 9308 --- [main] s.w.s.m.m.a.RequestMappingHandlerMapping : Mapped "{[/getOrderList]}" onto public java.lang.String com.meetball.demo.controller.Controllers.getOrderList(javax.servlet.http.HttpServletRequest,javax.servlet.http.HttpServletResponse)
2019-08-30 13:02:17.315  INFO 9308 --- [main] s.w.s.m.m.a.RequestMappingHandlerMapping : Mapped "{[/login]}" onto public java.lang.String com.meetball.demo.controller.Controllers.login(javax.servlet.http.HttpServletRequest,javax.servlet.http.HttpServletResponse)
2019-08-30 13:02:17.315  INFO 9308 --- [main] s.w.s.m.m.a.RequestMappingHandlerMapping : Mapped "{[/finishOrder]}" onto public java.lang.String com.meetball.demo.controller.Controllers.finishOrder(javax.servlet.http.HttpServletRequest,javax.servlet.http.HttpServletResponse)
2019-08-30 13:02:17.318  INFO 9308 --- [main] s.w.s.m.m.a.RequestMappingHandlerMapping : Mapped "{[/error]}" onto public org.springframework.http.ResponseEntity<java.util.Map<java.lang.String, java.lang.Object>> org.springframework.boot.autoconfigure.web.servlet.error.BasicErrorController.error(javax.servlet.http.HttpServletRequest)
2019-08-30 13:02:17.318  INFO 9308 --- [main] s.w.s.m.m.a.RequestMappingHandlerMapping : Mapped "{[/error],produces=[text/html]}" onto public org.springframework.web.servlet.ModelAndView org.springframework.boot.autoconfigure.web.servlet.error.BasicErrorController.errorHtml(javax.servlet.http.HttpServletRequest,javax.servlet.http.HttpServletResponse)
2019-08-30 13:02:17.335  INFO 9308 --- [main] o.s.w.s.handler.SimpleUrlHandlerMapping  : Mapped URL path [/webjars/**] onto handler of type [class org.springframework.web.servlet.resource.ResourceHttpRequestHandler]
2019-08-30 13:02:17.336  INFO 9308 --- [main] o.s.w.s.handler.SimpleUrlHandlerMapping  : Mapped URL path [/**] onto handler of type [class org.springframework.web.servlet.resource.ResourceHttpRequestHandler]
2019-08-30 13:02:17.530  INFO 9308 --- [main] o.s.j.e.a.AnnotationMBeanExporter        : Registering beans for JMX exposure on startup
2019-08-30 13:02:17.531  INFO 9308 --- [main] o.s.j.e.a.AnnotationMBeanExporter        : Bean with name 'dataSource' has been autodetected for JMX exposure
2019-08-30 13:02:17.534  INFO 9308 --- [main] o.s.j.e.a.AnnotationMBeanExporter        : Located MBean 'dataSource': registering with JMX server as MBean [com.zaxxer.hikari:name=dataSource,type=HikariDataSource]
2019-08-30 13:02:17.563  INFO 9308 --- [main] o.s.b.w.embedded.tomcat.TomcatWebServer  : Tomcat started on port(s): 8531 (http) with context path ''
2019-08-30 13:02:17.573  INFO 9308 --- [main] com.meetball.demo.MeetBallApplication    : Started MeetBallApplication in 2.948 seconds (JVM running for 3.451)
2019-08-30 13:02:53.745  INFO 9308 --- [pool-2-thread-1] com.zaxxer.hikari.HikariDataSource       : HikariPool-1 - Starting...
2019-08-30 13:02:54.125  INFO 9308 --- [pool-2-thread-1] com.zaxxer.hikari.HikariDataSource       : HikariPool-1 - Start completed.
2019-08-30 13:02:54.133 DEBUG 9308 --- [pool-2-thread-1] c.m.d.p.OrderMapper.getOrderList         : ==>  Preparing: SELECT orderId FROM orders WHERE (ownerName = ? OR driverName = ?) 
2019-08-30 13:02:54.155 DEBUG 9308 --- [pool-2-thread-1] c.m.d.p.OrderMapper.getOrderList         : ==> Parameters: lzcmhm(String), lzcmhm(String)
2019-08-30 13:04:43.094  INFO 3812 --- [main] com.meetball.demo.MeetBallApplication    : Starting MeetBallApplication on jxnflzc with PID 3812 (started by ÂªñÂøóÊàê in D:\Documents\Tencent Files\245186727\FileRecv\meetBall\meetBall)
2019-08-30 13:04:43.096  INFO 3812 --- [main] com.meetball.demo.MeetBallApplication    : No active profile set, falling back to default profiles: default
2019-08-30 13:04:43.135  INFO 3812 --- [main] ConfigServletWebServerApplicationContext : Refreshing org.springframework.boot.web.servlet.context.AnnotationConfigServletWebServerApplicationContext@49dc7102: startup date [Fri Aug 30 13:04:43 CST 2019]; root of context hierarchy
2019-08-30 13:04:44.411  INFO 3812 --- [main] o.s.b.w.embedded.tomcat.TomcatWebServer  : Tomcat initialized with port(s): 8531 (http)
2019-08-30 13:04:44.432  INFO 3812 --- [main] o.apache.catalina.core.StandardService   : Starting service [Tomcat]
2019-08-30 13:04:44.433  INFO 3812 --- [main] org.apache.catalina.core.StandardEngine  : Starting Servlet Engine: Apache Tomcat/8.5.31
2019-08-30 13:04:44.441  INFO 3812 --- [localhost-startStop-1] o.a.catalina.core.AprLifecycleListener   : The APR based Apache Tomcat Native library which allows optimal performance in production environments was not found on the java.library.path: [D:\Program Files\Java\jdk-12.0.1\bin;C:\Windows\Sun\Java\bin;C:\Windows\system32;C:\Windows;D:\Program Files (x86)\360\360Desktop;C:\Windows\system32;C:\Windows;C:\Windows\System32\Wbem;C:\Windows\System32\WindowsPowerShell\v1.0\;C:\Windows\System32\OpenSSH\;C:\Program Files\NVIDIA Corporation\NVIDIA NvDLISR;C:\Program Files (x86)\Intel\Intel(R) Management Engine Components\DAL;C:\Program Files\Intel\Intel(R) Management Engine Components\DAL;C:\Program Files\Intel\WiFi\bin\;C:\Program Files\Common Files\Intel\WirelessCommon\;D:\mysql-5.7.26-winx64\bin;E:\apache-maven-3.6.1\bin\;D:\Program Files\Java\jdk-12.0.1\bin;D:\Program Files\Java\jdk-12.0.1\jre\bin;D:\Program Files\Git\cmd;D:\swipl\bin;C:\Program Files (x86)\NVIDIA Corporation\PhysX\Common;D:\Anaconda3\Scripts;D:\Anaconda3;D:\Program Files\nodejs\;D:\Program Files\NVIDIA Corporation\NVIDIA NvDLISR;D:\Program Files\PuTTY\;C:\ProgramData\Microsoft\Windows\Start Menu\Programs\PuTTY (64-bit);D:\Anaconda3;D:\Anaconda3\Library\mingw-w64\bin;D:\Anaconda3\Library\usr\bin;D:\Anaconda3\Library\bin;D:\Anaconda3\Scripts;D:\Program Files\MySQL\MySQL Shell 8.0\bin\;C:\Users\ÂªñÂøóÊàê\AppData\Roaming\npm;.]
2019-08-30 13:04:44.530  INFO 3812 --- [localhost-startStop-1] o.a.c.c.C.[Tomcat].[localhost].[/]       : Initializing Spring embedded WebApplicationContext
2019-08-30 13:04:44.530  INFO 3812 --- [localhost-startStop-1] o.s.web.context.ContextLoader            : Root WebApplicationContext: initialization completed in 1395 ms
2019-08-30 13:04:44.656  INFO 3812 --- [localhost-startStop-1] o.s.b.w.servlet.ServletRegistrationBean  : Servlet dispatcherServlet mapped to [/]
2019-08-30 13:04:44.659  INFO 3812 --- [localhost-startStop-1] o.s.b.w.servlet.FilterRegistrationBean   : Mapping filter: 'characterEncodingFilter' to: [/*]
2019-08-30 13:04:44.659  INFO 3812 --- [localhost-startStop-1] o.s.b.w.servlet.FilterRegistrationBean   : Mapping filter: 'hiddenHttpMethodFilter' to: [/*]
2019-08-30 13:04:44.659  INFO 3812 --- [localhost-startStop-1] o.s.b.w.servlet.FilterRegistrationBean   : Mapping filter: 'httpPutFormContentFilter' to: [/*]
2019-08-30 13:04:44.659  INFO 3812 --- [localhost-startStop-1] o.s.b.w.servlet.FilterRegistrationBean   : Mapping filter: 'requestContextFilter' to: [/*]
2019-08-30 13:04:44.921  INFO 3812 --- [main] o.s.w.s.handler.SimpleUrlHandlerMapping  : Mapped URL path [/**/favicon.ico] onto handler of type [class org.springframework.web.servlet.resource.ResourceHttpRequestHandler]
2019-08-30 13:04:45.053  INFO 3812 --- [main] s.w.s.m.m.a.RequestMappingHandlerAdapter : Looking for @ControllerAdvice: org.springframework.boot.web.servlet.context.AnnotationConfigServletWebServerApplicationContext@49dc7102: startup date [Fri Aug 30 13:04:43 CST 2019]; root of context hierarchy
2019-08-30 13:04:45.109  INFO 3812 --- [main] s.w.s.m.m.a.RequestMappingHandlerMapping : Mapped "{[/register]}" onto public java.lang.String com.meetball.demo.controller.Controllers.register(javax.servlet.http.HttpServletRequest,javax.servlet.http.HttpServletResponse)
2019-08-30 13:04:45.110  INFO 3812 --- [main] s.w.s.m.m.a.RequestMappingHandlerMapping : Mapped "{[/getinfo]}" onto public java.lang.String com.meetball.demo.controller.Controllers.getInfo(javax.servlet.http.HttpServletRequest,javax.servlet.http.HttpServletResponse)
2019-08-30 13:04:45.110  INFO 3812 --- [main] s.w.s.m.m.a.RequestMappingHandlerMapping : Mapped "{[/getOrderList]}" onto public java.lang.String com.meetball.demo.controller.Controllers.getOrderList(javax.servlet.http.HttpServletRequest,javax.servlet.http.HttpServletResponse)
2019-08-30 13:04:45.110  INFO 3812 --- [main] s.w.s.m.m.a.RequestMappingHandlerMapping : Mapped "{[/login]}" onto public java.lang.String com.meetball.demo.controller.Controllers.login(javax.servlet.http.HttpServletRequest,javax.servlet.http.HttpServletResponse)
2019-08-30 13:04:45.110  INFO 3812 --- [main] s.w.s.m.m.a.RequestMappingHandlerMapping : Mapped "{[/finishOrder]}" onto public java.lang.String com.meetball.demo.controller.Controllers.finishOrder(javax.servlet.http.HttpServletRequest,javax.servlet.http.HttpServletResponse)
2019-08-30 13:04:45.113  INFO 3812 --- [main] s.w.s.m.m.a.RequestMappingHandlerMapping : Mapped "{[/error]}" onto public org.springframework.http.ResponseEntity<java.util.Map<java.lang.String, java.lang.Object>> org.springframework.boot.autoconfigure.web.servlet.error.BasicErrorController.error(javax.servlet.http.HttpServletRequest)
2019-08-30 13:04:45.113  INFO 3812 --- [main] s.w.s.m.m.a.RequestMappingHandlerMapping : Mapped "{[/error],produces=[text/html]}" onto public org.springframework.web.servlet.ModelAndView org.springframework.boot.autoconfigure.web.servlet.error.BasicErrorController.errorHtml(javax.servlet.http.HttpServletRequest,javax.servlet.http.HttpServletResponse)
2019-08-30 13:04:45.130  INFO 3812 --- [main] o.s.w.s.handler.SimpleUrlHandlerMapping  : Mapped URL path [/webjars/**] onto handler of type [class org.springframework.web.servlet.resource.ResourceHttpRequestHandler]
2019-08-30 13:04:45.130  INFO 3812 --- [main] o.s.w.s.handler.SimpleUrlHandlerMapping  : Mapped URL path [/**] onto handler of type [class org.springframework.web.servlet.resource.ResourceHttpRequestHandler]
2019-08-30 13:04:45.327  INFO 3812 --- [main] o.s.j.e.a.AnnotationMBeanExporter        : Registering beans for JMX exposure on startup
2019-08-30 13:04:45.328  INFO 3812 --- [main] o.s.j.e.a.AnnotationMBeanExporter        : Bean with name 'dataSource' has been autodetected for JMX exposure
2019-08-30 13:04:45.332  INFO 3812 --- [main] o.s.j.e.a.AnnotationMBeanExporter        : Located MBean 'dataSource': registering with JMX server as MBean [com.zaxxer.hikari:name=dataSource,type=HikariDataSource]
2019-08-30 13:04:45.355  INFO 3812 --- [main] o.s.b.w.embedded.tomcat.TomcatWebServer  : Tomcat started on port(s): 8531 (http) with context path ''
2019-08-30 13:04:45.358  INFO 3812 --- [main] com.meetball.demo.MeetBallApplication    : Started MeetBallApplication in 2.525 seconds (JVM running for 2.791)
2019-08-30 13:04:49.915  INFO 3812 --- [pool-1-thread-1] com.zaxxer.hikari.HikariDataSource       : HikariPool-1 - Starting...
2019-08-30 13:04:50.314  INFO 3812 --- [pool-1-thread-1] com.zaxxer.hikari.HikariDataSource       : HikariPool-1 - Start completed.
2019-08-30 13:04:50.322 DEBUG 3812 --- [pool-1-thread-1] c.m.d.p.OrderMapper.getOrderList         : ==>  Preparing: SELECT orderId FROM orders WHERE (ownerName = ? OR driverName = ?) 
2019-08-30 13:04:50.342 DEBUG 3812 --- [pool-1-thread-1] c.m.d.p.OrderMapper.getOrderList         : ==> Parameters: lzcmhm(String), lzcmhm(String)
2019-08-30 13:04:51.893 DEBUG 3812 --- [pool-1-thread-1] c.m.d.p.OrderMapper.getOrderList         : <==      Total: 2
2019-08-30 13:05:13.759  INFO 15472 --- [main] com.meetball.demo.MeetBallApplication    : Starting MeetBallApplication on jxnflzc with PID 15472 (started by ÂªñÂøóÊàê in D:\Documents\Tencent Files\245186727\FileRecv\meetBall\meetBall)
2019-08-30 13:05:13.761  INFO 15472 --- [main] com.meetball.demo.MeetBallApplication    : No active profile set, falling back to default profiles: default
2019-08-30 13:05:13.792  INFO 15472 --- [main] ConfigServletWebServerApplicationContext : Refreshing org.springframework.boot.web.servlet.context.AnnotationConfigServletWebServerApplicationContext@49dc7102: startup date [Fri Aug 30 13:05:13 CST 2019]; root of context hierarchy
2019-08-30 13:05:15.060  INFO 15472 --- [main] o.s.b.w.embedded.tomcat.TomcatWebServer  : Tomcat initialized with port(s): 8531 (http)
2019-08-30 13:05:15.082  INFO 15472 --- [main] o.apache.catalina.core.StandardService   : Starting service [Tomcat]
2019-08-30 13:05:15.082  INFO 15472 --- [main] org.apache.catalina.core.StandardEngine  : Starting Servlet Engine: Apache Tomcat/8.5.31
2019-08-30 13:05:15.090  INFO 15472 --- [localhost-startStop-1] o.a.catalina.core.AprLifecycleListener   : The APR based Apache Tomcat Native library which allows optimal performance in production environments was not found on the java.library.path: [D:\Program Files\Java\jdk-12.0.1\bin;C:\Windows\Sun\Java\bin;C:\Windows\system32;C:\Windows;D:\Program Files (x86)\360\360Desktop;C:\Windows\system32;C:\Windows;C:\Windows\System32\Wbem;C:\Windows\System32\WindowsPowerShell\v1.0\;C:\Windows\System32\OpenSSH\;C:\Program Files\NVIDIA Corporation\NVIDIA NvDLISR;C:\Program Files (x86)\Intel\Intel(R) Management Engine Components\DAL;C:\Program Files\Intel\Intel(R) Management Engine Components\DAL;C:\Program Files\Intel\WiFi\bin\;C:\Program Files\Common Files\Intel\WirelessCommon\;D:\mysql-5.7.26-winx64\bin;E:\apache-maven-3.6.1\bin\;D:\Program Files\Java\jdk-12.0.1\bin;D:\Program Files\Java\jdk-12.0.1\jre\bin;D:\Program Files\Git\cmd;D:\swipl\bin;C:\Program Files (x86)\NVIDIA Corporation\PhysX\Common;D:\Anaconda3\Scripts;D:\Anaconda3;D:\Program Files\nodejs\;D:\Program Files\NVIDIA Corporation\NVIDIA NvDLISR;D:\Program Files\PuTTY\;C:\ProgramData\Microsoft\Windows\Start Menu\Programs\PuTTY (64-bit);D:\Anaconda3;D:\Anaconda3\Library\mingw-w64\bin;D:\Anaconda3\Library\usr\bin;D:\Anaconda3\Library\bin;D:\Anaconda3\Scripts;D:\Program Files\MySQL\MySQL Shell 8.0\bin\;C:\Users\ÂªñÂøóÊàê\AppData\Roaming\npm;.]
2019-08-30 13:05:15.165  INFO 15472 --- [localhost-startStop-1] o.a.c.c.C.[Tomcat].[localhost].[/]       : Initializing Spring embedded WebApplicationContext
2019-08-30 13:05:15.165  INFO 15472 --- [localhost-startStop-1] o.s.web.context.ContextLoader            : Root WebApplicationContext: initialization completed in 1374 ms
2019-08-30 13:05:15.261  INFO 15472 --- [localhost-startStop-1] o.s.b.w.servlet.ServletRegistrationBean  : Servlet dispatcherServlet mapped to [/]
2019-08-30 13:05:15.264  INFO 15472 --- [localhost-startStop-1] o.s.b.w.servlet.FilterRegistrationBean   : Mapping filter: 'characterEncodingFilter' to: [/*]
2019-08-30 13:05:15.264  INFO 15472 --- [localhost-startStop-1] o.s.b.w.servlet.FilterRegistrationBean   : Mapping filter: 'hiddenHttpMethodFilter' to: [/*]
2019-08-30 13:05:15.264  INFO 15472 --- [localhost-startStop-1] o.s.b.w.servlet.FilterRegistrationBean   : Mapping filter: 'httpPutFormContentFilter' to: [/*]
2019-08-30 13:05:15.264  INFO 15472 --- [localhost-startStop-1] o.s.b.w.servlet.FilterRegistrationBean   : Mapping filter: 'requestContextFilter' to: [/*]
2019-08-30 13:05:15.515  INFO 15472 --- [main] o.s.w.s.handler.SimpleUrlHandlerMapping  : Mapped URL path [/**/favicon.ico] onto handler of type [class org.springframework.web.servlet.resource.ResourceHttpRequestHandler]
2019-08-30 13:05:15.665  INFO 15472 --- [main] s.w.s.m.m.a.RequestMappingHandlerAdapter : Looking for @ControllerAdvice: org.springframework.boot.web.servlet.context.AnnotationConfigServletWebServerApplicationContext@49dc7102: startup date [Fri Aug 30 13:05:13 CST 2019]; root of context hierarchy
2019-08-30 13:05:15.730  INFO 15472 --- [main] s.w.s.m.m.a.RequestMappingHandlerMapping : Mapped "{[/register]}" onto public java.lang.String com.meetball.demo.controller.Controllers.register(javax.servlet.http.HttpServletRequest,javax.servlet.http.HttpServletResponse)
2019-08-30 13:05:15.731  INFO 15472 --- [main] s.w.s.m.m.a.RequestMappingHandlerMapping : Mapped "{[/getinfo]}" onto public java.lang.String com.meetball.demo.controller.Controllers.getInfo(javax.servlet.http.HttpServletRequest,javax.servlet.http.HttpServletResponse)
2019-08-30 13:05:15.731  INFO 15472 --- [main] s.w.s.m.m.a.RequestMappingHandlerMapping : Mapped "{[/getOrderList]}" onto public java.lang.String com.meetball.demo.controller.Controllers.getOrderList(javax.servlet.http.HttpServletRequest,javax.servlet.http.HttpServletResponse)
2019-08-30 13:05:15.731  INFO 15472 --- [main] s.w.s.m.m.a.RequestMappingHandlerMapping : Mapped "{[/finishOrder]}" onto public java.lang.String com.meetball.demo.controller.Controllers.finishOrder(javax.servlet.http.HttpServletRequest,javax.servlet.http.HttpServletResponse)
2019-08-30 13:05:15.731  INFO 15472 --- [main] s.w.s.m.m.a.RequestMappingHandlerMapping : Mapped "{[/login]}" onto public java.lang.String com.meetball.demo.controller.Controllers.login(javax.servlet.http.HttpServletRequest,javax.servlet.http.HttpServletResponse)
2019-08-30 13:05:15.734  INFO 15472 --- [main] s.w.s.m.m.a.RequestMappingHandlerMapping : Mapped "{[/error]}" onto public org.springframework.http.ResponseEntity<java.util.Map<java.lang.String, java.lang.Object>> org.springframework.boot.autoconfigure.web.servlet.error.BasicErrorController.error(javax.servlet.http.HttpServletRequest)
2019-08-30 13:05:15.735  INFO 15472 --- [main] s.w.s.m.m.a.RequestMappingHandlerMapping : Mapped "{[/error],produces=[text/html]}" onto public org.springframework.web.servlet.ModelAndView org.springframework.boot.autoconfigure.web.servlet.error.BasicErrorController.errorHtml(javax.servlet.http.HttpServletRequest,javax.servlet.http.HttpServletResponse)
2019-08-30 13:05:15.754  INFO 15472 --- [main] o.s.w.s.handler.SimpleUrlHandlerMapping  : Mapped URL path [/webjars/**] onto handler of type [class org.springframework.web.servlet.resource.ResourceHttpRequestHandler]
2019-08-30 13:05:15.754  INFO 15472 --- [main] o.s.w.s.handler.SimpleUrlHandlerMapping  : Mapped URL path [/**] onto handler of type [class org.springframework.web.servlet.resource.ResourceHttpRequestHandler]
2019-08-30 13:05:15.946  INFO 15472 --- [main] o.s.j.e.a.AnnotationMBeanExporter        : Registering beans for JMX exposure on startup
2019-08-30 13:05:15.947  INFO 15472 --- [main] o.s.j.e.a.AnnotationMBeanExporter        : Bean with name 'dataSource' has been autodetected for JMX exposure
2019-08-30 13:05:15.950  INFO 15472 --- [main] o.s.j.e.a.AnnotationMBeanExporter        : Located MBean 'dataSource': registering with JMX server as MBean [com.zaxxer.hikari:name=dataSource,type=HikariDataSource]
2019-08-30 13:05:15.974  INFO 15472 --- [main] o.s.b.w.embedded.tomcat.TomcatWebServer  : Tomcat started on port(s): 8531 (http) with context path ''
2019-08-30 13:05:15.978  INFO 15472 --- [main] com.meetball.demo.MeetBallApplication    : Started MeetBallApplication in 2.493 seconds (JVM running for 2.8)
2019-08-30 13:05:20.320  INFO 15472 --- [pool-1-thread-1] com.zaxxer.hikari.HikariDataSource       : HikariPool-1 - Starting...
2019-08-30 13:05:20.723  INFO 15472 --- [pool-1-thread-1] com.zaxxer.hikari.HikariDataSource       : HikariPool-1 - Start completed.
2019-08-30 13:05:20.746 DEBUG 15472 --- [pool-1-thread-1] c.m.d.p.OrderMapper.getOrderList         : ==>  Preparing: SELECT orderId FROM orders WHERE (ownerName = ? OR driverName = ?) 
2019-08-30 13:05:20.789 DEBUG 15472 --- [pool-1-thread-1] c.m.d.p.OrderMapper.getOrderList         : ==> Parameters: lzcmhm(String), lzcmhm(String)
2019-08-30 13:05:20.834 DEBUG 15472 --- [pool-1-thread-1] c.m.d.p.OrderMapper.getOrderList         : <==      Total: 2
2019-08-30 13:06:08.770 DEBUG 15472 --- [pool-1-thread-1] c.m.d.p.OrderMapper.getOrderList         : ==>  Preparing: SELECT orderId FROM orders WHERE (ownerName = ? OR driverName = ?) 
2019-08-30 13:06:08.770 DEBUG 15472 --- [pool-1-thread-1] c.m.d.p.OrderMapper.getOrderList         : ==> Parameters: lzcmhm(String), lzcmhm(String)
2019-08-30 13:06:08.791 DEBUG 15472 --- [pool-1-thread-1] c.m.d.p.OrderMapper.getOrderList         : <==      Total: 2
2019-08-30 13:06:09.319 DEBUG 15472 --- [pool-1-thread-1] c.m.d.p.OrderMapper.getOrderList         : ==>  Preparing: SELECT orderId FROM orders WHERE (ownerName = ? OR driverName = ?) 
2019-08-30 13:06:09.319 DEBUG 15472 --- [pool-1-thread-1] c.m.d.p.OrderMapper.getOrderList         : ==> Parameters: mhm(String), mhm(String)
2019-08-30 13:06:09.340 DEBUG 15472 --- [pool-1-thread-1] c.m.d.p.OrderMapper.getOrderList         : <==      Total: 2
2019-08-30 13:11:06.105  INFO 16360 --- [main] com.meetball.demo.MeetBallApplication    : Starting MeetBallApplication on jxnflzc with PID 16360 (started by ÂªñÂøóÊàê in D:\Documents\Tencent Files\245186727\FileRecv\meetBall\meetBall)
2019-08-30 13:11:06.107  INFO 16360 --- [main] com.meetball.demo.MeetBallApplication    : No active profile set, falling back to default profiles: default
2019-08-30 13:11:06.138  INFO 16360 --- [main] ConfigServletWebServerApplicationContext : Refreshing org.springframework.boot.web.servlet.context.AnnotationConfigServletWebServerApplicationContext@6b8ca3c8: startup date [Fri Aug 30 13:11:06 CST 2019]; root of context hierarchy
2019-08-30 13:11:07.379  INFO 16360 --- [main] o.s.b.w.embedded.tomcat.TomcatWebServer  : Tomcat initialized with port(s): 8531 (http)
2019-08-30 13:11:07.399  INFO 16360 --- [main] o.apache.catalina.core.StandardService   : Starting service [Tomcat]
2019-08-30 13:11:07.400  INFO 16360 --- [main] org.apache.catalina.core.StandardEngine  : Starting Servlet Engine: Apache Tomcat/8.5.31
2019-08-30 13:11:07.408  INFO 16360 --- [localhost-startStop-1] o.a.catalina.core.AprLifecycleListener   : The APR based Apache Tomcat Native library which allows optimal performance in production environments was not found on the java.library.path: [D:\Program Files\Java\jdk-12.0.1\bin;C:\Windows\Sun\Java\bin;C:\Windows\system32;C:\Windows;D:\Program Files (x86)\360\360Desktop;C:\Windows\system32;C:\Windows;C:\Windows\System32\Wbem;C:\Windows\System32\WindowsPowerShell\v1.0\;C:\Windows\System32\OpenSSH\;C:\Program Files\NVIDIA Corporation\NVIDIA NvDLISR;C:\Program Files (x86)\Intel\Intel(R) Management Engine Components\DAL;C:\Program Files\Intel\Intel(R) Management Engine Components\DAL;C:\Program Files\Intel\WiFi\bin\;C:\Program Files\Common Files\Intel\WirelessCommon\;D:\mysql-5.7.26-winx64\bin;E:\apache-maven-3.6.1\bin\;D:\Program Files\Java\jdk-12.0.1\bin;D:\Program Files\Java\jdk-12.0.1\jre\bin;D:\Program Files\Git\cmd;D:\swipl\bin;C:\Program Files (x86)\NVIDIA Corporation\PhysX\Common;D:\Anaconda3\Scripts;D:\Anaconda3;D:\Program Files\nodejs\;D:\Program Files\NVIDIA Corporation\NVIDIA NvDLISR;D:\Program Files\PuTTY\;C:\ProgramData\Microsoft\Windows\Start Menu\Programs\PuTTY (64-bit);D:\Anaconda3;D:\Anaconda3\Library\mingw-w64\bin;D:\Anaconda3\Library\usr\bin;D:\Anaconda3\Library\bin;D:\Anaconda3\Scripts;D:\Program Files\MySQL\MySQL Shell 8.0\bin\;C:\Users\ÂªñÂøóÊàê\AppData\Roaming\npm;.]
2019-08-30 13:11:07.478  INFO 16360 --- [localhost-startStop-1] o.a.c.c.C.[Tomcat].[localhost].[/]       : Initializing Spring embedded WebApplicationContext
2019-08-30 13:11:07.478  INFO 16360 --- [localhost-startStop-1] o.s.web.context.ContextLoader            : Root WebApplicationContext: initialization completed in 1340 ms
2019-08-30 13:11:07.569  INFO 16360 --- [localhost-startStop-1] o.s.b.w.servlet.ServletRegistrationBean  : Servlet dispatcherServlet mapped to [/]
2019-08-30 13:11:07.572  INFO 16360 --- [localhost-startStop-1] o.s.b.w.servlet.FilterRegistrationBean   : Mapping filter: 'characterEncodingFilter' to: [/*]
2019-08-30 13:11:07.572  INFO 16360 --- [localhost-startStop-1] o.s.b.w.servlet.FilterRegistrationBean   : Mapping filter: 'hiddenHttpMethodFilter' to: [/*]
2019-08-30 13:11:07.572  INFO 16360 --- [localhost-startStop-1] o.s.b.w.servlet.FilterRegistrationBean   : Mapping filter: 'httpPutFormContentFilter' to: [/*]
2019-08-30 13:11:07.572  INFO 16360 --- [localhost-startStop-1] o.s.b.w.servlet.FilterRegistrationBean   : Mapping filter: 'requestContextFilter' to: [/*]
2019-08-30 13:11:07.818  INFO 16360 --- [main] o.s.w.s.handler.SimpleUrlHandlerMapping  : Mapped URL path [/**/favicon.ico] onto handler of type [class org.springframework.web.servlet.resource.ResourceHttpRequestHandler]
2019-08-30 13:11:07.952  INFO 16360 --- [main] s.w.s.m.m.a.RequestMappingHandlerAdapter : Looking for @ControllerAdvice: org.springframework.boot.web.servlet.context.AnnotationConfigServletWebServerApplicationContext@6b8ca3c8: startup date [Fri Aug 30 13:11:06 CST 2019]; root of context hierarchy
2019-08-30 13:11:08.013  INFO 16360 --- [main] s.w.s.m.m.a.RequestMappingHandlerMapping : Mapped "{[/register]}" onto public java.lang.String com.meetball.demo.controller.Controllers.register(javax.servlet.http.HttpServletRequest,javax.servlet.http.HttpServletResponse)
2019-08-30 13:11:08.014  INFO 16360 --- [main] s.w.s.m.m.a.RequestMappingHandlerMapping : Mapped "{[/getinfo]}" onto public java.lang.String com.meetball.demo.controller.Controllers.getInfo(javax.servlet.http.HttpServletRequest,javax.servlet.http.HttpServletResponse)
2019-08-30 13:11:08.014  INFO 16360 --- [main] s.w.s.m.m.a.RequestMappingHandlerMapping : Mapped "{[/login]}" onto public java.lang.String com.meetball.demo.controller.Controllers.login(javax.servlet.http.HttpServletRequest,javax.servlet.http.HttpServletResponse)
2019-08-30 13:11:08.014  INFO 16360 --- [main] s.w.s.m.m.a.RequestMappingHandlerMapping : Mapped "{[/finishOrder]}" onto public java.lang.String com.meetball.demo.controller.Controllers.finishOrder(javax.servlet.http.HttpServletRequest,javax.servlet.http.HttpServletResponse)
2019-08-30 13:11:08.014  INFO 16360 --- [main] s.w.s.m.m.a.RequestMappingHandlerMapping : Mapped "{[/getOrderList]}" onto public java.lang.String com.meetball.demo.controller.Controllers.getOrderList(javax.servlet.http.HttpServletRequest,javax.servlet.http.HttpServletResponse)
2019-08-30 13:11:08.016  INFO 16360 --- [main] s.w.s.m.m.a.RequestMappingHandlerMapping : Mapped "{[/error]}" onto public org.springframework.http.ResponseEntity<java.util.Map<java.lang.String, java.lang.Object>> org.springframework.boot.autoconfigure.web.servlet.error.BasicErrorController.error(javax.servlet.http.HttpServletRequest)
2019-08-30 13:11:08.017  INFO 16360 --- [main] s.w.s.m.m.a.RequestMappingHandlerMapping : Mapped "{[/error],produces=[text/html]}" onto public org.springframework.web.servlet.ModelAndView org.springframework.boot.autoconfigure.web.servlet.error.BasicErrorController.errorHtml(javax.servlet.http.HttpServletRequest,javax.servlet.http.HttpServletResponse)
2019-08-30 13:11:08.035  INFO 16360 --- [main] o.s.w.s.handler.SimpleUrlHandlerMapping  : Mapped URL path [/webjars/**] onto handler of type [class org.springframework.web.servlet.resource.ResourceHttpRequestHandler]
2019-08-30 13:11:08.035  INFO 16360 --- [main] o.s.w.s.handler.SimpleUrlHandlerMapping  : Mapped URL path [/**] onto handler of type [class org.springframework.web.servlet.resource.ResourceHttpRequestHandler]
2019-08-30 13:11:08.258  INFO 16360 --- [main] o.s.j.e.a.AnnotationMBeanExporter        : Registering beans for JMX exposure on startup
2019-08-30 13:11:08.260  INFO 16360 --- [main] o.s.j.e.a.AnnotationMBeanExporter        : Bean with name 'dataSource' has been autodetected for JMX exposure
2019-08-30 13:11:08.264  INFO 16360 --- [main] o.s.j.e.a.AnnotationMBeanExporter        : Located MBean 'dataSource': registering with JMX server as MBean [com.zaxxer.hikari:name=dataSource,type=HikariDataSource]
2019-08-30 13:11:08.293  INFO 16360 --- [main] o.s.b.w.embedded.tomcat.TomcatWebServer  : Tomcat started on port(s): 8531 (http) with context path ''
2019-08-30 13:11:08.297  INFO 16360 --- [main] com.meetball.demo.MeetBallApplication    : Started MeetBallApplication in 2.454 seconds (JVM running for 2.726)
2019-08-30 13:11:12.569  INFO 16360 --- [pool-1-thread-1] com.zaxxer.hikari.HikariDataSource       : HikariPool-1 - Starting...
2019-08-30 13:11:13.461  INFO 16360 --- [pool-1-thread-1] com.zaxxer.hikari.HikariDataSource       : HikariPool-1 - Start completed.
2019-08-30 13:11:13.477 DEBUG 16360 --- [pool-1-thread-1] c.m.d.p.OrderMapper.getOrderInfo         : ==>  Preparing: SELECT * FROM orders WHERE orderId = ? 
2019-08-30 13:11:13.507 DEBUG 16360 --- [pool-1-thread-1] c.m.d.p.OrderMapper.getOrderInfo         : ==> Parameters: rivers20190829184240(String)
2019-08-30 13:11:13.549 DEBUG 16360 --- [pool-1-thread-1] c.m.d.p.OrderMapper.getOrderInfo         : <==      Total: 1
2019-08-30 13:11:44.289  INFO 11136 --- [main] com.meetball.demo.MeetBallApplication    : Starting MeetBallApplication on jxnflzc with PID 11136 (started by ÂªñÂøóÊàê in D:\Documents\Tencent Files\245186727\FileRecv\meetBall\meetBall)
2019-08-30 13:11:44.291  INFO 11136 --- [main] com.meetball.demo.MeetBallApplication    : No active profile set, falling back to default profiles: default
2019-08-30 13:11:44.319  INFO 11136 --- [main] ConfigServletWebServerApplicationContext : Refreshing org.springframework.boot.web.servlet.context.AnnotationConfigServletWebServerApplicationContext@6b8ca3c8: startup date [Fri Aug 30 13:11:44 CST 2019]; root of context hierarchy
2019-08-30 13:11:45.615  INFO 11136 --- [main] o.s.b.w.embedded.tomcat.TomcatWebServer  : Tomcat initialized with port(s): 8531 (http)
2019-08-30 13:11:45.642  INFO 11136 --- [main] o.apache.catalina.core.StandardService   : Starting service [Tomcat]
2019-08-30 13:11:45.643  INFO 11136 --- [main] org.apache.catalina.core.StandardEngine  : Starting Servlet Engine: Apache Tomcat/8.5.31
2019-08-30 13:11:45.652  INFO 11136 --- [localhost-startStop-1] o.a.catalina.core.AprLifecycleListener   : The APR based Apache Tomcat Native library which allows optimal performance in production environments was not found on the java.library.path: [D:\Program Files\Java\jdk-12.0.1\bin;C:\Windows\Sun\Java\bin;C:\Windows\system32;C:\Windows;D:\Program Files (x86)\360\360Desktop;C:\Windows\system32;C:\Windows;C:\Windows\System32\Wbem;C:\Windows\System32\WindowsPowerShell\v1.0\;C:\Windows\System32\OpenSSH\;C:\Program Files\NVIDIA Corporation\NVIDIA NvDLISR;C:\Program Files (x86)\Intel\Intel(R) Management Engine Components\DAL;C:\Program Files\Intel\Intel(R) Management Engine Components\DAL;C:\Program Files\Intel\WiFi\bin\;C:\Program Files\Common Files\Intel\WirelessCommon\;D:\mysql-5.7.26-winx64\bin;E:\apache-maven-3.6.1\bin\;D:\Program Files\Java\jdk-12.0.1\bin;D:\Program Files\Java\jdk-12.0.1\jre\bin;D:\Program Files\Git\cmd;D:\swipl\bin;C:\Program Files (x86)\NVIDIA Corporation\PhysX\Common;D:\Anaconda3\Scripts;D:\Anaconda3;D:\Program Files\nodejs\;D:\Program Files\NVIDIA Corporation\NVIDIA NvDLISR;D:\Program Files\PuTTY\;C:\ProgramData\Microsoft\Windows\Start Menu\Programs\PuTTY (64-bit);D:\Anaconda3;D:\Anaconda3\Library\mingw-w64\bin;D:\Anaconda3\Library\usr\bin;D:\Anaconda3\Library\bin;D:\Anaconda3\Scripts;D:\Program Files\MySQL\MySQL Shell 8.0\bin\;C:\Users\ÂªñÂøóÊàê\AppData\Roaming\npm;.]
2019-08-30 13:11:45.720  INFO 11136 --- [localhost-startStop-1] o.a.c.c.C.[Tomcat].[localhost].[/]       : Initializing Spring embedded WebApplicationContext
2019-08-30 13:11:45.721  INFO 11136 --- [localhost-startStop-1] o.s.web.context.ContextLoader            : Root WebApplicationContext: initialization completed in 1402 ms
2019-08-30 13:11:45.833  INFO 11136 --- [localhost-startStop-1] o.s.b.w.servlet.ServletRegistrationBean  : Servlet dispatcherServlet mapped to [/]
2019-08-30 13:11:45.836  INFO 11136 --- [localhost-startStop-1] o.s.b.w.servlet.FilterRegistrationBean   : Mapping filter: 'characterEncodingFilter' to: [/*]
2019-08-30 13:11:45.836  INFO 11136 --- [localhost-startStop-1] o.s.b.w.servlet.FilterRegistrationBean   : Mapping filter: 'hiddenHttpMethodFilter' to: [/*]
2019-08-30 13:11:45.836  INFO 11136 --- [localhost-startStop-1] o.s.b.w.servlet.FilterRegistrationBean   : Mapping filter: 'httpPutFormContentFilter' to: [/*]
2019-08-30 13:11:45.836  INFO 11136 --- [localhost-startStop-1] o.s.b.w.servlet.FilterRegistrationBean   : Mapping filter: 'requestContextFilter' to: [/*]
2019-08-30 13:11:46.097  INFO 11136 --- [main] o.s.w.s.handler.SimpleUrlHandlerMapping  : Mapped URL path [/**/favicon.ico] onto handler of type [class org.springframework.web.servlet.resource.ResourceHttpRequestHandler]
2019-08-30 13:11:46.248  INFO 11136 --- [main] s.w.s.m.m.a.RequestMappingHandlerAdapter : Looking for @ControllerAdvice: org.springframework.boot.web.servlet.context.AnnotationConfigServletWebServerApplicationContext@6b8ca3c8: startup date [Fri Aug 30 13:11:44 CST 2019]; root of context hierarchy
2019-08-30 13:11:46.309  INFO 11136 --- [main] s.w.s.m.m.a.RequestMappingHandlerMapping : Mapped "{[/register]}" onto public java.lang.String com.meetball.demo.controller.Controllers.register(javax.servlet.http.HttpServletRequest,javax.servlet.http.HttpServletResponse)
2019-08-30 13:11:46.310  INFO 11136 --- [main] s.w.s.m.m.a.RequestMappingHandlerMapping : Mapped "{[/getinfo]}" onto public java.lang.String com.meetball.demo.controller.Controllers.getInfo(javax.servlet.http.HttpServletRequest,javax.servlet.http.HttpServletResponse)
2019-08-30 13:11:46.310  INFO 11136 --- [main] s.w.s.m.m.a.RequestMappingHandlerMapping : Mapped "{[/getOrderList]}" onto public java.lang.String com.meetball.demo.controller.Controllers.getOrderList(javax.servlet.http.HttpServletRequest,javax.servlet.http.HttpServletResponse)
2019-08-30 13:11:46.310  INFO 11136 --- [main] s.w.s.m.m.a.RequestMappingHandlerMapping : Mapped "{[/finishOrder]}" onto public java.lang.String com.meetball.demo.controller.Controllers.finishOrder(javax.servlet.http.HttpServletRequest,javax.servlet.http.HttpServletResponse)
2019-08-30 13:11:46.310  INFO 11136 --- [main] s.w.s.m.m.a.RequestMappingHandlerMapping : Mapped "{[/login]}" onto public java.lang.String com.meetball.demo.controller.Controllers.login(javax.servlet.http.HttpServletRequest,javax.servlet.http.HttpServletResponse)
2019-08-30 13:11:46.312  INFO 11136 --- [main] s.w.s.m.m.a.RequestMappingHandlerMapping : Mapped "{[/error]}" onto public org.springframework.http.ResponseEntity<java.util.Map<java.lang.String, java.lang.Object>> org.springframework.boot.autoconfigure.web.servlet.error.BasicErrorController.error(javax.servlet.http.HttpServletRequest)
2019-08-30 13:11:46.313  INFO 11136 --- [main] s.w.s.m.m.a.RequestMappingHandlerMapping : Mapped "{[/error],produces=[text/html]}" onto public org.springframework.web.servlet.ModelAndView org.springframework.boot.autoconfigure.web.servlet.error.BasicErrorController.errorHtml(javax.servlet.http.HttpServletRequest,javax.servlet.http.HttpServletResponse)
2019-08-30 13:11:46.331  INFO 11136 --- [main] o.s.w.s.handler.SimpleUrlHandlerMapping  : Mapped URL path [/webjars/**] onto handler of type [class org.springframework.web.servlet.resource.ResourceHttpRequestHandler]
2019-08-30 13:11:46.331  INFO 11136 --- [main] o.s.w.s.handler.SimpleUrlHandlerMapping  : Mapped URL path [/**] onto handler of type [class org.springframework.web.servlet.resource.ResourceHttpRequestHandler]
2019-08-30 13:11:46.521  INFO 11136 --- [main] o.s.j.e.a.AnnotationMBeanExporter        : Registering beans for JMX exposure on startup
2019-08-30 13:11:46.522  INFO 11136 --- [main] o.s.j.e.a.AnnotationMBeanExporter        : Bean with name 'dataSource' has been autodetected for JMX exposure
2019-08-30 13:11:46.525  INFO 11136 --- [main] o.s.j.e.a.AnnotationMBeanExporter        : Located MBean 'dataSource': registering with JMX server as MBean [com.zaxxer.hikari:name=dataSource,type=HikariDataSource]
2019-08-30 13:11:46.549  INFO 11136 --- [main] o.s.b.w.embedded.tomcat.TomcatWebServer  : Tomcat started on port(s): 8531 (http) with context path ''
2019-08-30 13:11:46.554  INFO 11136 --- [main] com.meetball.demo.MeetBallApplication    : Started MeetBallApplication in 2.517 seconds (JVM running for 2.787)
2019-08-30 13:11:54.037  INFO 11136 --- [pool-1-thread-1] com.zaxxer.hikari.HikariDataSource       : HikariPool-1 - Starting...
2019-08-30 13:11:54.472  INFO 11136 --- [pool-1-thread-1] com.zaxxer.hikari.HikariDataSource       : HikariPool-1 - Start completed.
2019-08-30 13:11:54.479 DEBUG 11136 --- [pool-1-thread-1] c.m.d.p.OrderMapper.getOrderInfo         : ==>  Preparing: SELECT * FROM orders WHERE orderId = ? 
2019-08-30 13:11:54.500 DEBUG 11136 --- [pool-1-thread-1] c.m.d.p.OrderMapper.getOrderInfo         : ==> Parameters: rivers20190829184240(String)
2019-08-30 13:11:54.535 DEBUG 11136 --- [pool-1-thread-1] c.m.d.p.OrderMapper.getOrderInfo         : <==      Total: 1
2019-08-30 14:44:18.602  INFO 10164 --- [main] c.m.demo.MeetBallApplicationTests        : Starting MeetBallApplicationTests on jxnflzc with PID 10164 (started by ¡Œ÷æ≥… in D:\Documents\Tencent Files\245186727\FileRecv\meetBall\meetBall)
2019-08-30 14:44:18.603  INFO 10164 --- [main] c.m.demo.MeetBallApplicationTests        : No active profile set, falling back to default profiles: default
2019-08-30 14:44:18.677  INFO 10164 --- [main] o.s.w.c.s.GenericWebApplicationContext   : Refreshing org.springframework.web.context.support.GenericWebApplicationContext@e8df99a: startup date [Fri Aug 30 14:44:18 CST 2019]; root of context hierarchy
2019-08-30 14:44:19.983  INFO 10164 --- [main] o.s.w.s.handler.SimpleUrlHandlerMapping  : Mapped URL path [/**/favicon.ico] onto handler of type [class org.springframework.web.servlet.resource.ResourceHttpRequestHandler]
2019-08-30 14:44:20.140  INFO 10164 --- [main] s.w.s.m.m.a.RequestMappingHandlerAdapter : Looking for @ControllerAdvice: org.springframework.web.context.support.GenericWebApplicationContext@e8df99a: startup date [Fri Aug 30 14:44:18 CST 2019]; root of context hierarchy
2019-08-30 14:44:20.197  INFO 10164 --- [main] s.w.s.m.m.a.RequestMappingHandlerMapping : Mapped "{[/register]}" onto public java.lang.String com.meetball.demo.controller.Controllers.register(javax.servlet.http.HttpServletRequest,javax.servlet.http.HttpServletResponse)
2019-08-30 14:44:20.198  INFO 10164 --- [main] s.w.s.m.m.a.RequestMappingHandlerMapping : Mapped "{[/getOrderList]}" onto public java.lang.String com.meetball.demo.controller.Controllers.getOrderList(javax.servlet.http.HttpServletRequest,javax.servlet.http.HttpServletResponse)
2019-08-30 14:44:20.198  INFO 10164 --- [main] s.w.s.m.m.a.RequestMappingHandlerMapping : Mapped "{[/finishOrder]}" onto public java.lang.String com.meetball.demo.controller.Controllers.finishOrder(javax.servlet.http.HttpServletRequest,javax.servlet.http.HttpServletResponse)
2019-08-30 14:44:20.199  INFO 10164 --- [main] s.w.s.m.m.a.RequestMappingHandlerMapping : Mapped "{[/getinfo]}" onto public java.lang.String com.meetball.demo.controller.Controllers.getInfo(javax.servlet.http.HttpServletRequest,javax.servlet.http.HttpServletResponse)
2019-08-30 14:44:20.199  INFO 10164 --- [main] s.w.s.m.m.a.RequestMappingHandlerMapping : Mapped "{[/login]}" onto public java.lang.String com.meetball.demo.controller.Controllers.login(javax.servlet.http.HttpServletRequest,javax.servlet.http.HttpServletResponse)
2019-08-30 14:44:20.201  INFO 10164 --- [main] s.w.s.m.m.a.RequestMappingHandlerMapping : Mapped "{[/error]}" onto public org.springframework.http.ResponseEntity<java.util.Map<java.lang.String, java.lang.Object>> org.springframework.boot.autoconfigure.web.servlet.error.BasicErrorController.error(javax.servlet.http.HttpServletRequest)
2019-08-30 14:44:20.202  INFO 10164 --- [main] s.w.s.m.m.a.RequestMappingHandlerMapping : Mapped "{[/error],produces=[text/html]}" onto public org.springframework.web.servlet.ModelAndView org.springframework.boot.autoconfigure.web.servlet.error.BasicErrorController.errorHtml(javax.servlet.http.HttpServletRequest,javax.servlet.http.HttpServletResponse)
2019-08-30 14:44:20.223  INFO 10164 --- [main] o.s.w.s.handler.SimpleUrlHandlerMapping  : Mapped URL path [/webjars/**] onto handler of type [class org.springframework.web.servlet.resource.ResourceHttpRequestHandler]
2019-08-30 14:44:20.224  INFO 10164 --- [main] o.s.w.s.handler.SimpleUrlHandlerMapping  : Mapped URL path [/**] onto handler of type [class org.springframework.web.servlet.resource.ResourceHttpRequestHandler]
2019-08-30 14:44:20.733  INFO 10164 --- [main] c.m.demo.MeetBallApplicationTests        : Started MeetBallApplicationTests in 2.444 seconds (JVM running for 3.238)
2019-08-30 14:44:21.023  INFO 10164 --- [Thread-1] o.s.w.c.s.GenericWebApplicationContext   : Closing org.springframework.web.context.support.GenericWebApplicationContext@e8df99a: startup date [Fri Aug 30 14:44:18 CST 2019]; root of context hierarchy
2019-08-30 14:53:07.767  INFO 4016 --- [main] c.m.demo.MeetBallApplicationTests        : Starting MeetBallApplicationTests on jxnflzc with PID 4016 (started by ¡Œ÷æ≥… in D:\Documents\Tencent Files\245186727\FileRecv\meetBall\meetBall)
2019-08-30 14:53:07.768  INFO 4016 --- [main] c.m.demo.MeetBallApplicationTests        : No active profile set, falling back to default profiles: default
2019-08-30 14:53:07.789  INFO 4016 --- [main] o.s.w.c.s.GenericWebApplicationContext   : Refreshing org.springframework.web.context.support.GenericWebApplicationContext@e8df99a: startup date [Fri Aug 30 14:53:07 CST 2019]; root of context hierarchy
2019-08-30 14:53:08.915  INFO 4016 --- [main] o.s.w.s.handler.SimpleUrlHandlerMapping  : Mapped URL path [/**/favicon.ico] onto handler of type [class org.springframework.web.servlet.resource.ResourceHttpRequestHandler]
2019-08-30 14:53:09.071  INFO 4016 --- [main] s.w.s.m.m.a.RequestMappingHandlerAdapter : Looking for @ControllerAdvice: org.springframework.web.context.support.GenericWebApplicationContext@e8df99a: startup date [Fri Aug 30 14:53:07 CST 2019]; root of context hierarchy
2019-08-30 14:53:09.121  INFO 4016 --- [main] s.w.s.m.m.a.RequestMappingHandlerMapping : Mapped "{[/register]}" onto public java.lang.String com.meetball.demo.controller.Controllers.register(javax.servlet.http.HttpServletRequest,javax.servlet.http.HttpServletResponse)
2019-08-30 14:53:09.122  INFO 4016 --- [main] s.w.s.m.m.a.RequestMappingHandlerMapping : Mapped "{[/getinfo]}" onto public java.lang.String com.meetball.demo.controller.Controllers.getInfo(javax.servlet.http.HttpServletRequest,javax.servlet.http.HttpServletResponse)
2019-08-30 14:53:09.122  INFO 4016 --- [main] s.w.s.m.m.a.RequestMappingHandlerMapping : Mapped "{[/login]}" onto public java.lang.String com.meetball.demo.controller.Controllers.login(javax.servlet.http.HttpServletRequest,javax.servlet.http.HttpServletResponse)
2019-08-30 14:53:09.122  INFO 4016 --- [main] s.w.s.m.m.a.RequestMappingHandlerMapping : Mapped "{[/getOrderList]}" onto public java.lang.String com.meetball.demo.controller.Controllers.getOrderList(javax.servlet.http.HttpServletRequest,javax.servlet.http.HttpServletResponse)
2019-08-30 14:53:09.122  INFO 4016 --- [main] s.w.s.m.m.a.RequestMappingHandlerMapping : Mapped "{[/finishOrder]}" onto public java.lang.String com.meetball.demo.controller.Controllers.finishOrder(javax.servlet.http.HttpServletRequest,javax.servlet.http.HttpServletResponse)
2019-08-30 14:53:09.124  INFO 4016 --- [main] s.w.s.m.m.a.RequestMappingHandlerMapping : Mapped "{[/error]}" onto public org.springframework.http.ResponseEntity<java.util.Map<java.lang.String, java.lang.Object>> org.springframework.boot.autoconfigure.web.servlet.error.BasicErrorController.error(javax.servlet.http.HttpServletRequest)
2019-08-30 14:53:09.124  INFO 4016 --- [main] s.w.s.m.m.a.RequestMappingHandlerMapping : Mapped "{[/error],produces=[text/html]}" onto public org.springframework.web.servlet.ModelAndView org.springframework.boot.autoconfigure.web.servlet.error.BasicErrorController.errorHtml(javax.servlet.http.HttpServletRequest,javax.servlet.http.HttpServletResponse)
2019-08-30 14:53:09.143  INFO 4016 --- [main] o.s.w.s.handler.SimpleUrlHandlerMapping  : Mapped URL path [/webjars/**] onto handler of type [class org.springframework.web.servlet.resource.ResourceHttpRequestHandler]
2019-08-30 14:53:09.143  INFO 4016 --- [main] o.s.w.s.handler.SimpleUrlHandlerMapping  : Mapped URL path [/**] onto handler of type [class org.springframework.web.servlet.resource.ResourceHttpRequestHandler]
2019-08-30 14:53:09.640  INFO 4016 --- [main] c.m.demo.MeetBallApplicationTests        : Started MeetBallApplicationTests in 2.082 seconds (JVM running for 2.626)
2019-08-30 14:53:09.723  INFO 4016 --- [Thread-1] o.s.w.c.s.GenericWebApplicationContext   : Closing org.springframework.web.context.support.GenericWebApplicationContext@e8df99a: startup date [Fri Aug 30 14:53:07 CST 2019]; root of context hierarchy
2019-08-30 15:29:09.861  INFO 10100 --- [main] com.meetball.demo.MeetBallApplication    : Starting MeetBallApplication on jxnflzc with PID 10100 (started by ÂªñÂøóÊàê in D:\Documents\Tencent Files\245186727\FileRecv\meetBall\meetBall)
2019-08-30 15:29:09.863  INFO 10100 --- [main] com.meetball.demo.MeetBallApplication    : No active profile set, falling back to default profiles: default
2019-08-30 15:29:09.890  INFO 10100 --- [main] ConfigServletWebServerApplicationContext : Refreshing org.springframework.boot.web.servlet.context.AnnotationConfigServletWebServerApplicationContext@6b8ca3c8: startup date [Fri Aug 30 15:29:09 CST 2019]; root of context hierarchy
2019-08-30 15:29:11.130  INFO 10100 --- [main] o.s.b.w.embedded.tomcat.TomcatWebServer  : Tomcat initialized with port(s): 8531 (http)
2019-08-30 15:29:11.153  INFO 10100 --- [main] o.apache.catalina.core.StandardService   : Starting service [Tomcat]
2019-08-30 15:29:11.154  INFO 10100 --- [main] org.apache.catalina.core.StandardEngine  : Starting Servlet Engine: Apache Tomcat/8.5.31
2019-08-30 15:29:11.161  INFO 10100 --- [localhost-startStop-1] o.a.catalina.core.AprLifecycleListener   : The APR based Apache Tomcat Native library which allows optimal performance in production environments was not found on the java.library.path: [D:\Program Files\Java\jdk-12.0.1\bin;C:\Windows\Sun\Java\bin;C:\Windows\system32;C:\Windows;C:\Windows\system32;C:\Windows;C:\Windows\System32\Wbem;C:\Windows\System32\WindowsPowerShell\v1.0\;C:\Windows\System32\OpenSSH\;C:\Program Files\NVIDIA Corporation\NVIDIA NvDLISR;C:\Program Files (x86)\Intel\Intel(R) Management Engine Components\DAL;C:\Program Files\Intel\Intel(R) Management Engine Components\DAL;C:\Program Files\Intel\WiFi\bin\;C:\Program Files\Common Files\Intel\WirelessCommon\;D:\mysql-5.7.26-winx64\bin;E:\apache-maven-3.6.1\bin\;D:\Program Files\Java\jdk-12.0.1\bin;D:\Program Files\Java\jdk-12.0.1\jre\bin;D:\Program Files\Git\cmd;D:\swipl\bin;C:\Program Files (x86)\NVIDIA Corporation\PhysX\Common;D:\Anaconda3\Scripts;D:\Anaconda3;D:\Program Files\nodejs\;D:\Program Files\NVIDIA Corporation\NVIDIA NvDLISR;D:\Program Files\PuTTY\;C:\ProgramData\Microsoft\Windows\Start Menu\Programs\PuTTY (64-bit);D:\Anaconda3;D:\Anaconda3\Library\mingw-w64\bin;D:\Anaconda3\Library\usr\bin;D:\Anaconda3\Library\bin;D:\Anaconda3\Scripts;D:\Program Files\MySQL\MySQL Shell 8.0\bin\;C:\Users\ÂªñÂøóÊàê\AppData\Roaming\npm;.]
2019-08-30 15:29:11.231  INFO 10100 --- [localhost-startStop-1] o.a.c.c.C.[Tomcat].[localhost].[/]       : Initializing Spring embedded WebApplicationContext
2019-08-30 15:29:11.231  INFO 10100 --- [localhost-startStop-1] o.s.web.context.ContextLoader            : Root WebApplicationContext: initialization completed in 1341 ms
2019-08-30 15:29:11.327  INFO 10100 --- [localhost-startStop-1] o.s.b.w.servlet.ServletRegistrationBean  : Servlet dispatcherServlet mapped to [/]
2019-08-30 15:29:11.330  INFO 10100 --- [localhost-startStop-1] o.s.b.w.servlet.FilterRegistrationBean   : Mapping filter: 'characterEncodingFilter' to: [/*]
2019-08-30 15:29:11.330  INFO 10100 --- [localhost-startStop-1] o.s.b.w.servlet.FilterRegistrationBean   : Mapping filter: 'hiddenHttpMethodFilter' to: [/*]
2019-08-30 15:29:11.330  INFO 10100 --- [localhost-startStop-1] o.s.b.w.servlet.FilterRegistrationBean   : Mapping filter: 'httpPutFormContentFilter' to: [/*]
2019-08-30 15:29:11.331  INFO 10100 --- [localhost-startStop-1] o.s.b.w.servlet.FilterRegistrationBean   : Mapping filter: 'requestContextFilter' to: [/*]
2019-08-30 15:29:11.597  INFO 10100 --- [main] o.s.w.s.handler.SimpleUrlHandlerMapping  : Mapped URL path [/**/favicon.ico] onto handler of type [class org.springframework.web.servlet.resource.ResourceHttpRequestHandler]
2019-08-30 15:29:11.743  INFO 10100 --- [main] s.w.s.m.m.a.RequestMappingHandlerAdapter : Looking for @ControllerAdvice: org.springframework.boot.web.servlet.context.AnnotationConfigServletWebServerApplicationContext@6b8ca3c8: startup date [Fri Aug 30 15:29:09 CST 2019]; root of context hierarchy
2019-08-30 15:29:11.810  INFO 10100 --- [main] s.w.s.m.m.a.RequestMappingHandlerMapping : Mapped "{[/register]}" onto public java.lang.String com.meetball.demo.controller.Controllers.register(javax.servlet.http.HttpServletRequest,javax.servlet.http.HttpServletResponse)
2019-08-30 15:29:11.812  INFO 10100 --- [main] s.w.s.m.m.a.RequestMappingHandlerMapping : Mapped "{[/getinfo]}" onto public java.lang.String com.meetball.demo.controller.Controllers.getInfo(javax.servlet.http.HttpServletRequest,javax.servlet.http.HttpServletResponse)
2019-08-30 15:29:11.812  INFO 10100 --- [main] s.w.s.m.m.a.RequestMappingHandlerMapping : Mapped "{[/getOrderList]}" onto public java.lang.String com.meetball.demo.controller.Controllers.getOrderList(javax.servlet.http.HttpServletRequest,javax.servlet.http.HttpServletResponse)
2019-08-30 15:29:11.812  INFO 10100 --- [main] s.w.s.m.m.a.RequestMappingHandlerMapping : Mapped "{[/finishOrder]}" onto public java.lang.String com.meetball.demo.controller.Controllers.finishOrder(javax.servlet.http.HttpServletRequest,javax.servlet.http.HttpServletResponse)
2019-08-30 15:29:11.812  INFO 10100 --- [main] s.w.s.m.m.a.RequestMappingHandlerMapping : Mapped "{[/login]}" onto public java.lang.String com.meetball.demo.controller.Controllers.login(javax.servlet.http.HttpServletRequest,javax.servlet.http.HttpServletResponse)
2019-08-30 15:29:11.814  INFO 10100 --- [main] s.w.s.m.m.a.RequestMappingHandlerMapping : Mapped "{[/error]}" onto public org.springframework.http.ResponseEntity<java.util.Map<java.lang.String, java.lang.Object>> org.springframework.boot.autoconfigure.web.servlet.error.BasicErrorController.error(javax.servlet.http.HttpServletRequest)
2019-08-30 15:29:11.815  INFO 10100 --- [main] s.w.s.m.m.a.RequestMappingHandlerMapping : Mapped "{[/error],produces=[text/html]}" onto public org.springframework.web.servlet.ModelAndView org.springframework.boot.autoconfigure.web.servlet.error.BasicErrorController.errorHtml(javax.servlet.http.HttpServletRequest,javax.servlet.http.HttpServletResponse)
2019-08-30 15:29:11.835  INFO 10100 --- [main] o.s.w.s.handler.SimpleUrlHandlerMapping  : Mapped URL path [/webjars/**] onto handler of type [class org.springframework.web.servlet.resource.ResourceHttpRequestHandler]
2019-08-30 15:29:11.835  INFO 10100 --- [main] o.s.w.s.handler.SimpleUrlHandlerMapping  : Mapped URL path [/**] onto handler of type [class org.springframework.web.servlet.resource.ResourceHttpRequestHandler]
2019-08-30 15:29:12.056  INFO 10100 --- [main] o.s.j.e.a.AnnotationMBeanExporter        : Registering beans for JMX exposure on startup
2019-08-30 15:29:12.057  INFO 10100 --- [main] o.s.j.e.a.AnnotationMBeanExporter        : Bean with name 'dataSource' has been autodetected for JMX exposure
2019-08-30 15:29:12.061  INFO 10100 --- [main] o.s.j.e.a.AnnotationMBeanExporter        : Located MBean 'dataSource': registering with JMX server as MBean [com.zaxxer.hikari:name=dataSource,type=HikariDataSource]
2019-08-30 15:29:12.086  INFO 10100 --- [main] o.s.b.w.embedded.tomcat.TomcatWebServer  : Tomcat started on port(s): 8531 (http) with context path ''
2019-08-30 15:29:12.089  INFO 10100 --- [main] com.meetball.demo.MeetBallApplication    : Started MeetBallApplication in 2.487 seconds (JVM running for 2.831)
2019-08-30 15:31:08.880  INFO 10100 --- [pool-1-thread-1] com.zaxxer.hikari.HikariDataSource       : HikariPool-1 - Starting...
2019-08-30 15:31:10.329  INFO 10100 --- [pool-1-thread-1] com.zaxxer.hikari.HikariDataSource       : HikariPool-1 - Start completed.
2019-08-30 15:31:10.335 DEBUG 10100 --- [pool-1-thread-1] c.m.d.p.OrderMapper.insertOrder          : ==>  Preparing: INSERT INTO orders (orderId, ownerName, driverName, carNumber, beginStr, endStr, amount) VALUES (?, ?, ?, ?, ?, ?, ?) 
2019-08-30 15:31:10.374 DEBUG 10100 --- [pool-1-thread-1] c.m.d.p.OrderMapper.insertOrder          : ==> Parameters: river20190830152934(String), river(String), lzcmhm(String), AE1101(String), 2019-08-30 15:29:34(String), 2019-08-30 15:31:08(String), 0.0(Double)
2019-08-30 15:31:10.525 DEBUG 10100 --- [pool-1-thread-1] c.m.d.p.OrderMapper.insertOrder          : <==    Updates: 1
2019-08-30 16:46:16.610  INFO 17928 --- [main] c.m.demo.MeetBallApplicationTests        : Starting MeetBallApplicationTests on jxnflzc with PID 17928 (started by ¡Œ÷æ≥… in D:\Documents\Tencent Files\245186727\FileRecv\meetBall\meetBall)
2019-08-30 16:46:16.611  INFO 17928 --- [main] c.m.demo.MeetBallApplicationTests        : No active profile set, falling back to default profiles: default
2019-08-30 16:46:16.635  INFO 17928 --- [main] o.s.w.c.s.GenericWebApplicationContext   : Refreshing org.springframework.web.context.support.GenericWebApplicationContext@43f82e78: startup date [Fri Aug 30 16:46:16 CST 2019]; root of context hierarchy
2019-08-30 16:46:17.803  INFO 17928 --- [main] o.s.w.s.handler.SimpleUrlHandlerMapping  : Mapped URL path [/**/favicon.ico] onto handler of type [class org.springframework.web.servlet.resource.ResourceHttpRequestHandler]
2019-08-30 16:46:17.989  INFO 17928 --- [main] s.w.s.m.m.a.RequestMappingHandlerAdapter : Looking for @ControllerAdvice: org.springframework.web.context.support.GenericWebApplicationContext@43f82e78: startup date [Fri Aug 30 16:46:16 CST 2019]; root of context hierarchy
2019-08-30 16:46:18.038  INFO 17928 --- [main] s.w.s.m.m.a.RequestMappingHandlerMapping : Mapped "{[/register]}" onto public java.lang.String com.meetball.demo.controller.Controllers.register(javax.servlet.http.HttpServletRequest,javax.servlet.http.HttpServletResponse)
2019-08-30 16:46:18.039  INFO 17928 --- [main] s.w.s.m.m.a.RequestMappingHandlerMapping : Mapped "{[/getinfo]}" onto public java.lang.String com.meetball.demo.controller.Controllers.getInfo(javax.servlet.http.HttpServletRequest,javax.servlet.http.HttpServletResponse)
2019-08-30 16:46:18.039  INFO 17928 --- [main] s.w.s.m.m.a.RequestMappingHandlerMapping : Mapped "{[/login]}" onto public java.lang.String com.meetball.demo.controller.Controllers.login(javax.servlet.http.HttpServletRequest,javax.servlet.http.HttpServletResponse)
2019-08-30 16:46:18.040  INFO 17928 --- [main] s.w.s.m.m.a.RequestMappingHandlerMapping : Mapped "{[/getOrderList]}" onto public java.lang.String com.meetball.demo.controller.Controllers.getOrderList(javax.servlet.http.HttpServletRequest,javax.servlet.http.HttpServletResponse)
2019-08-30 16:46:18.040  INFO 17928 --- [main] s.w.s.m.m.a.RequestMappingHandlerMapping : Mapped "{[/finishOrder]}" onto public java.lang.String com.meetball.demo.controller.Controllers.finishOrder(javax.servlet.http.HttpServletRequest,javax.servlet.http.HttpServletResponse)
2019-08-30 16:46:18.043  INFO 17928 --- [main] s.w.s.m.m.a.RequestMappingHandlerMapping : Mapped "{[/error]}" onto public org.springframework.http.ResponseEntity<java.util.Map<java.lang.String, java.lang.Object>> org.springframework.boot.autoconfigure.web.servlet.error.BasicErrorController.error(javax.servlet.http.HttpServletRequest)
2019-08-30 16:46:18.043  INFO 17928 --- [main] s.w.s.m.m.a.RequestMappingHandlerMapping : Mapped "{[/error],produces=[text/html]}" onto public org.springframework.web.servlet.ModelAndView org.springframework.boot.autoconfigure.web.servlet.error.BasicErrorController.errorHtml(javax.servlet.http.HttpServletRequest,javax.servlet.http.HttpServletResponse)
2019-08-30 16:46:18.066  INFO 17928 --- [main] o.s.w.s.handler.SimpleUrlHandlerMapping  : Mapped URL path [/webjars/**] onto handler of type [class org.springframework.web.servlet.resource.ResourceHttpRequestHandler]
2019-08-30 16:46:18.066  INFO 17928 --- [main] o.s.w.s.handler.SimpleUrlHandlerMapping  : Mapped URL path [/**] onto handler of type [class org.springframework.web.servlet.resource.ResourceHttpRequestHandler]
2019-08-30 16:46:18.573  INFO 17928 --- [main] c.m.demo.MeetBallApplicationTests        : Started MeetBallApplicationTests in 2.198 seconds (JVM running for 2.789)
2019-08-30 16:46:18.664  INFO 17928 --- [Thread-1] o.s.w.c.s.GenericWebApplicationContext   : Closing org.springframework.web.context.support.GenericWebApplicationContext@43f82e78: startup date [Fri Aug 30 16:46:16 CST 2019]; root of context hierarchy
